<?xml version="1.0" encoding="utf-8"?><testsuites name="pytest tests"><testsuite name="pytest" errors="0" failures="0" skipped="0" tests="18" time="1.408" timestamp="2026-05-06T09:05:57.943443+00:00" hostname="agent-env-8c065fe8-d253-4cbb-a750-cfbf768c01da"><testcase classname="backend.tests.test_admin.TestAdminAuth" name="test_no_token_returns_401" time="0.254" /><testcase classname="backend.tests.test_admin.TestAdminAuth" name="test_wrong_bearer_returns_401" time="0.046" /><testcase classname="backend.tests.test_admin.TestAdminAuth" name="test_wrong_x_admin_token_returns_401" time="0.045" /><testcase classname="backend.tests.test_admin.TestAdminAuth" name="test_csv_wrong_query_token_returns_401" time="0.045" /><testcase classname="backend.tests.test_admin.TestAdminWaitlistList" name="test_x_admin_token_header_returns_list" time="0.097" /><testcase classname="backend.tests.test_admin.TestAdminWaitlistList" name="test_bearer_token_returns_list_sorted_desc" time="0.092" /><testcase classname="backend.tests.test_admin.TestAdminCsvExport" name="test_csv_with_bearer_returns_text_csv" time="0.047" /><testcase classname="backend.tests.test_admin.TestAdminCsvExport" name="test_csv_with_query_token_returns_csv" time="0.044" /><testcase classname="backend.tests.test_admin.TestWaitlistRegression" name="test_post_waitlist_still_works" time="0.047" /><testcase classname="backend.tests.test_waitlist.TestRoot" name="test_root_returns_service_info" time="0.108" /><testcase classname="backend.tests.test_waitlist.TestWaitlistSubscribe" name="test_subscribe_valid_email" time="0.049" /><testcase classname="backend.tests.test_waitlist.TestWaitlistSubscribe" name="test_subscribe_duplicate_email" time="0.046" /><testcase classname="backend.tests.test_waitlist.TestWaitlistSubscribe" name="test_subscribe_case_insensitive_duplicate" time="0.046" /><testcase classname="backend.tests.test_waitlist.TestWaitlistSubscribe" name="test_subscribe_invalid_email_returns_422" time="0.045" /><testcase classname="backend.tests.test_waitlist.TestWaitlistSubscribe" name="test_subscribe_missing_email_returns_422" time="0.045" /><testcase classname="backend.tests.test_waitlist.TestWaitlistSubscribe" name="test_subscribe_empty_email_returns_422" time="0.046" /><testcase classname="backend.tests.test_waitlist.TestWaitlistStats" name="test_stats_returns_count" time="0.046" /><testcase classname="backend.tests.test_waitlist.TestWaitlistStats" name="test_stats_count_increases_on_new_subscription" time="0.142" /></testsuite></testsuites>